<?xml version="1.0" encoding="UTF-8"?>
<!-- Generated by org.testng.reporters.JUnitReportReporter -->
<testsuite hostname="DESKTOP-LLCTNG7" failures="0" tests="2"
	name="org.opencart.tests.LoginLogoutRegistration" time="125.927" errors="0"
	timestamp="2024-01-03T18:41:51 IST" skipped="0">
	<testcase classname="org.opencart.tests.LoginLogoutRegistration"
		name="loginLogoutTest" time="53.319" />
	<testcase classname="org.opencart.tests.LoginLogoutRegistration"
		name="registrationTest" time="72.608" />
</testsuite> <!--
org.opencart.tests.LoginLogoutRegistration -->
